2026-01-30 22:45:50,979 - INFO - Request: symbol=BTCUSDT, side=BUY, type=MARKET, quantity=0.001, price=None
2026-01-30 22:45:52,281 - INFO - Response: {}
2026-01-30 22:47:21,050 - INFO - Request: symbol=BTCUSDT, side=BUY, type=MARKET, quantity=0.001, price=None
2026-01-30 22:47:22,349 - INFO - Response: {}
2026-01-30 22:49:14,221 - INFO - Request: symbol=BTCUSDT, side=BUY, type=MARKET, quantity=0.001, price=None
2026-01-30 22:49:15,257 - ERROR - Order failed: APIError(code=-1021): Timestamp for this request was 1000ms ahead of the server's time.
2026-01-30 22:49:43,591 - INFO - Request: symbol=BTCUSDT, side=BUY, type=MARKET, quantity=0.001, price=None
2026-01-30 22:49:44,457 - ERROR - Order failed: APIError(code=-1021): Timestamp for this request was 1000ms ahead of the server's time.
2026-01-30 22:51:16,051 - INFO - Request: symbol=BTCUSDT, side=BUY, type=MARKET, quantity=0.001, price=None
2026-01-30 22:51:16,244 - ERROR - Order failed: APIError(code=-4164): Order's notional must be no smaller than 100 (unless you choose reduce only).
2026-01-30 22:51:44,994 - INFO - Request: symbol=BTCUSDT, side=BUY, type=MARKET, quantity=0.002, price=None
2026-01-30 22:51:45,501 - INFO - Response: {'orderId': 12043419732, 'symbol': 'BTCUSDT', 'status': 'NEW', 'clientOrderId': 'x-Cb7ytekJ24856e564674bcf3beb1b4', 'price': '0.00', 'avgPrice': '0.00', 'origQty': '0.002', 'executedQty': '0.000', 'cumQty': '0.000', 'cumQuote': '0.00000', 'timeInForce': 'GTC', 'type': 'MARKET', 'reduceOnly': False, 'closePosition': False, 'side': 'BUY', 'positionSide': 'BOTH', 'stopPrice': '0.00', 'workingType': 'CONTRACT_PRICE', 'priceProtect': False, 'origType': 'MARKET', 'priceMatch': 'NONE', 'selfTradePreventionMode': 'EXPIRE_MAKER', 'goodTillDate': 0, 'updateTime': 1769793682334}
2026-01-30 22:52:41,494 - INFO - Request: symbol=BTCUSDT, side=SELL, type=LIMIT, quantity=0.002, price=90000.0
2026-01-30 22:52:41,969 - INFO - Response: {'orderId': 12043424101, 'symbol': 'BTCUSDT', 'status': 'NEW', 'clientOrderId': 'x-Cb7ytekJ7c36bc2a97ffa8ba792609', 'price': '90000.00', 'avgPrice': '0.00', 'origQty': '0.002', 'executedQty': '0.000', 'cumQty': '0.000', 'cumQuote': '0.00000', 'timeInForce': 'GTC', 'type': 'LIMIT', 'reduceOnly': False, 'closePosition': False, 'side': 'SELL', 'positionSide': 'BOTH', 'stopPrice': '0.00', 'workingType': 'CONTRACT_PRICE', 'priceProtect': False, 'origType': 'LIMIT', 'priceMatch': 'NONE', 'selfTradePreventionMode': 'EXPIRE_MAKER', 'goodTillDate': 0, 'updateTime': 1769793738833}
2026-01-30 23:13:42,602 - INFO - Response: {'orderId': 12043586720, 'symbol': 'BTCUSDT', 'status': 'NEW', 'clientOrderId': 'x-Cb7ytekJ666cab84cfb336683184c9', 'price': '0.00', 'avgPrice': '0.00', 'origQty': '0.010', 'executedQty': '0.000', 'cumQty': '0.000', 'cumQuote': '0.00000', 'timeInForce': 'GTC', 'type': 'MARKET', 'reduceOnly': False, 'closePosition': False, 'side': 'BUY', 'positionSide': 'BOTH', 'stopPrice': '0.00', 'workingType': 'CONTRACT_PRICE', 'priceProtect': False, 'origType': 'MARKET', 'priceMatch': 'NONE', 'selfTradePreventionMode': 'EXPIRE_MAKER', 'goodTillDate': 0, 'updateTime': 1769794999448}
2026-01-30 23:15:26,055 - INFO - Response: {'orderId': 12043596076, 'symbol': 'BTCUSDT', 'status': 'NEW', 'clientOrderId': 'x-Cb7ytekJd5251bc662ddfb15d16498', 'price': '0.00', 'avgPrice': '0.00', 'origQty': '0.002', 'executedQty': '0.000', 'cumQty': '0.000', 'cumQuote': '0.00000', 'timeInForce': 'GTC', 'type': 'MARKET', 'reduceOnly': False, 'closePosition': False, 'side': 'BUY', 'positionSide': 'BOTH', 'stopPrice': '0.00', 'workingType': 'CONTRACT_PRICE', 'priceProtect': False, 'origType': 'MARKET', 'priceMatch': 'NONE', 'selfTradePreventionMode': 'EXPIRE_MAKER', 'goodTillDate': 0, 'updateTime': 1769795102924}
2026-01-30 23:15:48,573 - INFO - Response: {'orderId': 12043601052, 'symbol': 'BTCUSDT', 'status': 'NEW', 'clientOrderId': 'x-Cb7ytekJ460817f17af0849a4fdfe7', 'price': '90000.00', 'avgPrice': '0.00', 'origQty': '0.002', 'executedQty': '0.000', 'cumQty': '0.000', 'cumQuote': '0.00000', 'timeInForce': 'GTC', 'type': 'LIMIT', 'reduceOnly': False, 'closePosition': False, 'side': 'SELL', 'positionSide': 'BOTH', 'stopPrice': '0.00', 'workingType': 'CONTRACT_PRICE', 'priceProtect': False, 'origType': 'LIMIT', 'priceMatch': 'NONE', 'selfTradePreventionMode': 'EXPIRE_MAKER', 'goodTillDate': 0, 'updateTime': 1769795125445}
2026-01-30 23:16:44,816 - INFO - Response: {'orderId': 12043607119, 'symbol': 'BTCUSDT', 'status': 'NEW', 'clientOrderId': 'x-Cb7ytekJ3e86f8d36663adb4c26591', 'price': '0.00', 'avgPrice': '0.00', 'origQty': '0.002', 'executedQty': '0.000', 'cumQty': '0.000', 'cumQuote': '0.00000', 'timeInForce': 'GTC', 'type': 'MARKET', 'reduceOnly': False, 'closePosition': False, 'side': 'BUY', 'positionSide': 'BOTH', 'stopPrice': '0.00', 'workingType': 'CONTRACT_PRICE', 'priceProtect': False, 'origType': 'MARKET', 'priceMatch': 'NONE', 'selfTradePreventionMode': 'EXPIRE_MAKER', 'goodTillDate': 0, 'updateTime': 1769795181691}
2026-01-30 23:17:40,617 - ERROR - APIError(code=-1102): Mandatory parameter 'triggerprice' was not sent, was empty/null, or malformed.
2026-01-30 23:19:15,624 - ERROR - APIError(code=-1102): Mandatory parameter 'triggerprice' was not sent, was empty/null, or malformed.
2026-01-30 23:20:32,588 - ERROR - APIError(code=-1102): Mandatory parameter 'triggerprice' was not sent, was empty/null, or malformed.
2026-01-30 23:23:05,229 - INFO - Request: {'symbol': 'BTCUSDT', 'side': 'BUY', 'quantity': 0.002, 'type': 'MARKET'}
2026-01-30 23:23:05,697 - INFO - Response: {'orderId': 12043648496, 'symbol': 'BTCUSDT', 'status': 'NEW', 'clientOrderId': 'x-Cb7ytekJbea8a05670eceab9c441bd', 'price': '0.00', 'avgPrice': '0.00', 'origQty': '0.002', 'executedQty': '0.000', 'cumQty': '0.000', 'cumQuote': '0.00000', 'timeInForce': 'GTC', 'type': 'MARKET', 'reduceOnly': False, 'closePosition': False, 'side': 'BUY', 'positionSide': 'BOTH', 'stopPrice': '0.00', 'workingType': 'CONTRACT_PRICE', 'priceProtect': False, 'origType': 'MARKET', 'priceMatch': 'NONE', 'selfTradePreventionMode': 'EXPIRE_MAKER', 'goodTillDate': 0, 'updateTime': 1769795562572}
2026-01-30 23:23:14,946 - INFO - Request: {'symbol': 'BTCUSDT', 'side': 'SELL', 'quantity': 0.002, 'type': 'LIMIT', 'price': 90000.0, 'timeInForce': 'GTC'}
2026-01-30 23:23:15,434 - INFO - Response: {'orderId': 12043650091, 'symbol': 'BTCUSDT', 'status': 'NEW', 'clientOrderId': 'x-Cb7ytekJ9e5f6b5f5c7a903f8e3e54', 'price': '90000.00', 'avgPrice': '0.00', 'origQty': '0.002', 'executedQty': '0.000', 'cumQty': '0.000', 'cumQuote': '0.00000', 'timeInForce': 'GTC', 'type': 'LIMIT', 'reduceOnly': False, 'closePosition': False, 'side': 'SELL', 'positionSide': 'BOTH', 'stopPrice': '0.00', 'workingType': 'CONTRACT_PRICE', 'priceProtect': False, 'origType': 'LIMIT', 'priceMatch': 'NONE', 'selfTradePreventionMode': 'EXPIRE_MAKER', 'goodTillDate': 0, 'updateTime': 1769795572308}
2026-01-30 23:23:22,359 - INFO - Request: {'symbol': 'BTCUSDT', 'side': 'BUY', 'quantity': 0.002, 'type': 'STOP', 'price': 90000.0, 'triggerPrice': 89000.0, 'timeInForce': 'GTC'}
2026-01-30 23:23:22,635 - INFO - Response: {'algoId': 1000000008404145, 'clientAlgoId': 'x-Cb7ytekJe5619391a6e983999942a7', 'algoType': 'CONDITIONAL', 'orderType': 'STOP', 'symbol': 'BTCUSDT', 'side': 'BUY', 'positionSide': 'BOTH', 'timeInForce': 'GTC', 'quantity': '0.002', 'algoStatus': 'NEW', 'triggerPrice': '89000.00', 'price': '90000.00', 'icebergQuantity': None, 'selfTradePreventionMode': 'EXPIRE_MAKER', 'workingType': 'CONTRACT_PRICE', 'priceMatch': 'NONE', 'closePosition': False, 'priceProtect': False, 'reduceOnly': False, 'createTime': 1769795579485, 'updateTime': 1769795579501, 'triggerTime': 0, 'goodTillDate': 0}
2026-01-30 23:24:04,055 - INFO - Request: {'symbol': 'as', 'side': 'SELL', 'quantity': 1.0, 'type': 'MARKET'}
2026-01-30 23:24:04,544 - ERROR - Order failed: APIError(code=-1121): Invalid symbol.
2026-01-30 23:27:20,861 - INFO - Request: {'symbol': 'BTCUSDT', 'side': 'BUY', 'quantity': 2.0, 'type': 'MARKET'}
2026-01-30 23:27:21,335 - ERROR - Order failed: APIError(code=-2019): Margin is insufficient.
2026-01-30 23:28:07,151 - INFO - Request: {'symbol': 'BTCUSDT', 'side': 'SELL', 'quantity': 0.02, 'type': 'MARKET'}
2026-01-30 23:28:07,706 - INFO - Response: {'orderId': 12043677995, 'symbol': 'BTCUSDT', 'status': 'NEW', 'clientOrderId': 'x-Cb7ytekJ113c4f2c61ffa2a42b0ac0', 'price': '0.00', 'avgPrice': '0.00', 'origQty': '0.020', 'executedQty': '0.000', 'cumQty': '0.000', 'cumQuote': '0.00000', 'timeInForce': 'GTC', 'type': 'MARKET', 'reduceOnly': False, 'closePosition': False, 'side': 'SELL', 'positionSide': 'BOTH', 'stopPrice': '0.00', 'workingType': 'CONTRACT_PRICE', 'priceProtect': False, 'origType': 'MARKET', 'priceMatch': 'NONE', 'selfTradePreventionMode': 'EXPIRE_MAKER', 'goodTillDate': 0, 'updateTime': 1769795864511}
